<?xml version="1.0" encoding="UTF-8"?>
<!-- Generated by org.testng.reporters.JUnitXMLReporter -->
<testsuite ignored="0" hostname="Indhu" failures="1" tests="1" name="LoginTest" time="17.606" errors="0" timestamp="2023-06-13T22:44:15 IST">
  <testcase classname="testcases.TC101" name="TestCase101" time="2.797">
    <failure type="org.testng.internal.reflect.MethodMatcherException" message="
[public void testcases.TC101.TestCase101(java.lang.String,java.lang.String)] has no parameters defined but was found to be using a data provider (either explicitly specified or inherited from class level annotation).
Data provider mismatch
Method: TestCase101([Parameter{index=0, type=java.lang.String, declaredAnnotations=[]}, Parameter{index=1, type=java.lang.String, declaredAnnotations=[]}])
Arguments: [(java.lang.String) snsnsnsnsn,(java.lang.String) snsnsnsnsn,(java.lang.String) Sydney,(java.lang.String) Hotel Creek,(java.lang.String) Standard,(java.lang.String) 1 - One,(java.lang.String) 1 - One,(java.lang.String) 0 - None,(java.lang.Double) -5.0,(java.lang.Double) -3.0]">
      <![CDATA[org.testng.internal.reflect.MethodMatcherException: 
[public void testcases.TC101.TestCase101(java.lang.String,java.lang.String)] has no parameters defined but was found to be using a data provider (either explicitly specified or inherited from class level annotation).
Data provider mismatch
Method: TestCase101([Parameter{index=0, type=java.lang.String, declaredAnnotations=[]}, Parameter{index=1, type=java.lang.String, declaredAnnotations=[]}])
Arguments: [(java.lang.String) snsnsnsnsn,(java.lang.String) snsnsnsnsn,(java.lang.String) Sydney,(java.lang.String) Hotel Creek,(java.lang.String) Standard,(java.lang.String) 1 - One,(java.lang.String) 1 - One,(java.lang.String) 0 - None,(java.lang.Double) -5.0,(java.lang.Double) -3.0]
at java.base/java.util.ArrayList.forEach(ArrayList.java:1511)
... Removed 22 stack frames]]>
    </failure>
  </testcase> <!-- TestCase101 -->
</testsuite> <!-- LoginTest -->
